# Config file for GRUB - The GNU GRand Unified Bootloader
# /boot/grub/menu.lst

# DEVICE NAME CONVERSIONS 
#
#  Linux           Grub
# -------------------------
#  /dev/fd0        (fd0)
#  /dev/sda        (hd0)
#  /dev/sdb2       (hd1,1)
#  /dev/sda3       (hd0,2)
#

#  FRAMEBUFFER RESOLUTION SETTINGS
#     +-------------------------------------------------+
#          | 640x480    800x600    1024x768   1280x1024
#      ----+--------------------------------------------
#      256 | 0x301=769  0x303=771  0x305=773   0x307=775
#      32K | 0x310=784  0x313=787  0x316=790   0x319=793
#      64K | 0x311=785  0x314=788  0x317=791   0x31A=794
#      16M | 0x312=786  0x315=789  0x318=792   0x31B=795
#     +-------------------------------------------------+
#  for more details and different resolutions see
#  https://wiki.archlinux.org/index.php/GRUB#Framebuffer_resolution

# general configuration:
timeout   5
default   1
#password --encrypted $1$cLHVh1$w/K2BiRsg9sOYlegZCByy.
color light-blue/black blue/white

# (0) Gentoo Linux Main AMDGPU
title Gentoo Linux Main AMDGPU
root (hd0,0)
kernel /boot/kernel-genkernel-x86_64-4.6.0-gentoo real_root=/dev/sda2 rootfstype=ext4 vga=0x0324 fbcon=scrollback:64k net.ifnames=0 apparmor=1 security=apparmor amd_iommu=on iommu=on
initrd /boot/initramfs-genkernel-x86_64-4.6.0-gentoo

# (1) Gentoo Linux Main Radeon
title Gentoo Linux Main Radeon
root (hd0,0)
kernel /boot/kernel-genkernel-x86_64-4.6.0-gentoo real_root=/dev/sda2 rootfstype=ext4 vga=0x0324 fbcon=scrollback:64k net.ifnames=0 apparmor=1 security=apparmor amd_iommu=on iommu=on
initrd /boot/initramfs-genkernel-x86_64-4.6.0-gentoo

# (2) Gentoo Linux Fallback
title Gentoo Linux Fallback
#lock
root (hd0,0)
kernel /boot/kernel-genkernel-x86_64-4.5.0-gentoo real_root=/dev/sda2 rootfstype=ext4 ro init_opts=1
initrd /boot/initramfs-genkernel-x86_64-4.5.0-gentoo

# (3) Memtest86+
title MemTest86+
root (hd0,0)
kernel /boot/memtest86plus/memtest

